<?xml version="1.0" encoding="UTF-8"?>
<!-- Generated by org.testng.reporters.JUnitReportReporter -->
<testsuite hostname="WIN-NF51SIC44K4" failures="0" tests="3" name="svetntTest.StringToLettersTest" time="0.032" errors="0" timestamp="2 May 2022 15:00:38 GMT">
  <testcase classname="svetntTest.StringToLettersTest" name="testStringToLettersPositiv" time="0.016"/>
  <testcase classname="svetntTest.StringToLettersTest" name="testStringToLettersNegativ" time="0.016"/>
  <testcase classname="svetntTest.StringToLettersTest" name="testStringToNumbersNegativNull" time="0.000"/>
</testsuite> <!-- svetntTest.StringToLettersTest -->
