<?xml version="1.0" encoding="UTF-8"?>
<!-- Generated by org.testng.reporters.JUnitReportReporter -->
<testsuite hostname="WIN-NF51SIC44K4" failures="0" tests="3" name="svetntTest.StringToNumbersTest" time="0.000" errors="0" timestamp="2 May 2022 15:00:38 GMT">
  <testcase classname="svetntTest.StringToNumbersTest" name="testStringToNumbersNegativNumberFormat" time="0.000"/>
  <testcase classname="svetntTest.StringToNumbersTest" name="testStringToNumbersNegativNull" time="0.000"/>
  <testcase classname="svetntTest.StringToNumbersTest" name="testStringToNumbersPositiv" time="0.000"/>
</testsuite> <!-- svetntTest.StringToNumbersTest -->
